TN:
SF:src/index.ts
FN:97,(anonymous_8)
FN:97,(anonymous_9)
FN:109,(anonymous_10)
FN:113,(anonymous_11)
FN:119,(anonymous_12)
FNF:5
FNH:0
FNDA:0,(anonymous_8)
FNDA:0,(anonymous_9)
FNDA:0,(anonymous_10)
FNDA:0,(anonymous_11)
FNDA:0,(anonymous_12)
DA:1,0
DA:2,0
DA:4,0
DA:5,0
DA:10,0
DA:13,0
DA:14,0
DA:18,0
DA:19,0
DA:21,0
DA:22,0
DA:23,0
DA:26,0
DA:32,0
DA:39,0
DA:43,0
DA:44,0
DA:46,0
DA:49,0
DA:50,0
DA:51,0
DA:54,0
DA:56,0
DA:57,0
DA:59,0
DA:60,0
DA:63,0
DA:64,0
DA:67,0
DA:68,0
DA:74,0
DA:75,0
DA:76,0
DA:77,0
DA:80,0
DA:84,0
DA:87,0
DA:88,0
DA:89,0
DA:96,0
DA:97,0
DA:98,0
DA:99,0
DA:103,0
DA:105,0
DA:106,0
DA:109,0
DA:110,0
DA:113,0
DA:114,0
DA:119,0
DA:120,0
DA:121,0
LF:53
LH:0
BRDA:23,0,0,0
BRDA:23,0,1,0
BRF:2
BRH:0
end_of_record
TN:
SF:src/controllers/activityLogController.ts
FN:5,(anonymous_8)
FN:5,(anonymous_9)
FN:29,(anonymous_10)
FNF:3
FNH:0
FNDA:0,(anonymous_8)
FNDA:0,(anonymous_9)
FNDA:0,(anonymous_10)
DA:2,0
DA:3,0
DA:5,0
DA:21,0
DA:29,0
DA:53,0
LF:6
LH:0
BRDA:37,0,0,0
BRDA:37,0,1,0
BRF:2
BRH:0
end_of_record
TN:
SF:src/controllers/aiController.ts
FN:4,(anonymous_7)
FN:4,(anonymous_8)
FNF:2
FNH:0
FNDA:0,(anonymous_7)
FNDA:0,(anonymous_8)
DA:2,0
DA:4,0
DA:5,0
DA:6,0
DA:8,0
DA:9,0
DA:12,0
DA:13,0
DA:16,0
DA:17,0
LF:10
LH:0
BRDA:8,0,0,0
BRDA:8,0,1,0
BRF:2
BRH:0
end_of_record
TN:
SF:src/controllers/analyticsController.ts
FN:5,(anonymous_7)
FN:5,(anonymous_8)
FNF:2
FNH:0
FNDA:0,(anonymous_7)
FNDA:0,(anonymous_8)
DA:2,0
DA:3,0
DA:5,0
DA:6,0
DA:7,0
DA:8,0
LF:6
LH:0
BRF:0
BRH:0
end_of_record
TN:
SF:src/controllers/assignmentController.ts
FN:6,(anonymous_8)
FN:6,(anonymous_9)
FN:13,(anonymous_10)
FN:13,(anonymous_11)
FN:30,(anonymous_12)
FN:30,(anonymous_13)
FN:48,(anonymous_14)
FN:48,(anonymous_15)
FNF:8
FNH:0
FNDA:0,(anonymous_8)
FNDA:0,(anonymous_9)
FNDA:0,(anonymous_10)
FNDA:0,(anonymous_11)
FNDA:0,(anonymous_12)
FNDA:0,(anonymous_13)
FNDA:0,(anonymous_14)
FNDA:0,(anonymous_15)
DA:2,0
DA:3,0
DA:4,0
DA:6,0
DA:7,0
DA:10,0
DA:13,0
DA:14,0
DA:16,0
DA:27,0
DA:30,0
DA:31,0
DA:32,0
DA:34,0
DA:45,0
DA:48,0
DA:49,0
DA:50,0
DA:51,0
LF:19
LH:0
BRDA:20,0,0,0
BRDA:20,0,1,0
BRDA:22,1,0,0
BRDA:22,1,1,0
BRDA:23,2,0,0
BRDA:23,2,1,0
BRDA:38,3,0,0
BRDA:38,3,1,0
BRDA:38,4,0,0
BRDA:38,4,1,0
BRF:10
BRH:0
end_of_record
TN:
SF:src/controllers/attendanceController.ts
FN:7,(anonymous_8)
FN:7,(anonymous_9)
FN:15,(anonymous_10)
FN:34,(anonymous_11)
FN:34,(anonymous_12)
FN:77,(anonymous_13)
FN:77,(anonymous_14)
FNF:7
FNH:0
FNDA:0,(anonymous_8)
FNDA:0,(anonymous_9)
FNDA:0,(anonymous_10)
FNDA:0,(anonymous_11)
FNDA:0,(anonymous_12)
FNDA:0,(anonymous_13)
FNDA:0,(anonymous_14)
DA:2,0
DA:3,0
DA:4,0
DA:5,0
DA:7,0
DA:8,0
DA:15,0
DA:31,0
DA:34,0
DA:35,0
DA:36,0
DA:45,0
DA:46,0
DA:47,0
DA:48,0
DA:50,0
DA:60,0
DA:61,0
DA:64,0
DA:74,0
DA:77,0
DA:78,0
DA:79,0
DA:81,0
DA:82,0
DA:83,0
DA:84,0
DA:87,0
DA:97,0
DA:98,0
DA:101,0
DA:108,0
LF:32
LH:0
BRDA:23,0,0,0
BRDA:23,0,1,0
BRDA:36,1,0,0
BRDA:36,1,1,0
BRDA:60,2,0,0
BRDA:60,2,1,0
BRDA:79,3,0,0
BRDA:79,3,1,0
BRDA:97,4,0,0
BRDA:97,4,1,0
BRF:10
BRH:0
end_of_record
TN:
SF:src/controllers/dashboardController.ts
FN:6,(anonymous_8)
FN:6,(anonymous_9)
FN:78,(anonymous_10)
FN:89,(anonymous_11)
FNF:4
FNH:2
FNDA:2,(anonymous_8)
FNDA:2,(anonymous_9)
FNDA:0,(anonymous_10)
FNDA:0,(anonymous_11)
DA:2,1
DA:3,1
DA:4,1
DA:6,2
DA:7,2
DA:10,2
DA:11,2
DA:12,2
DA:13,0
DA:14,0
DA:15,0
DA:18,0
DA:23,0
DA:24,0
DA:30,0
DA:31,0
DA:34,0
DA:35,0
DA:40,0
DA:41,0
DA:44,0
DA:47,0
DA:48,0
DA:49,0
DA:50,0
DA:51,0
DA:52,0
DA:55,0
DA:56,0
DA:67,0
DA:70,0
DA:71,0
DA:76,0
DA:78,0
DA:84,0
DA:89,0
DA:94,0
DA:95,0
DA:96,0
DA:97,0
DA:99,0
DA:103,0
LF:42
LH:8
BRDA:10,0,0,2
BRDA:10,0,1,0
BRDA:13,1,0,0
BRDA:13,1,1,0
BRDA:30,2,0,0
BRDA:30,2,1,0
BRDA:51,3,0,0
BRDA:51,3,1,0
BRDA:81,4,0,0
BRDA:81,4,1,0
BRDA:94,5,0,0
BRDA:94,5,1,0
BRF:12
BRH:1
end_of_record
TN:
SF:src/controllers/dealsController.ts
FN:5,(anonymous_7)
FN:5,(anonymous_8)
FN:10,(anonymous_9)
FN:10,(anonymous_10)
FN:15,(anonymous_11)
FN:15,(anonymous_12)
FN:20,(anonymous_13)
FN:20,(anonymous_14)
FNF:8
FNH:0
FNDA:0,(anonymous_7)
FNDA:0,(anonymous_8)
FNDA:0,(anonymous_9)
FNDA:0,(anonymous_10)
FNDA:0,(anonymous_11)
FNDA:0,(anonymous_12)
FNDA:0,(anonymous_13)
FNDA:0,(anonymous_14)
DA:2,0
DA:3,0
DA:5,0
DA:6,0
DA:7,0
DA:10,0
DA:11,0
DA:12,0
DA:15,0
DA:16,0
DA:17,0
DA:20,0
DA:21,0
DA:22,0
LF:14
LH:0
BRF:0
BRH:0
end_of_record
TN:
SF:src/controllers/followUpController.ts
FN:7,(anonymous_8)
FN:7,(anonymous_9)
FN:16,(anonymous_10)
FN:38,(anonymous_11)
FN:38,(anonymous_12)
FN:62,(anonymous_13)
FN:62,(anonymous_14)
FNF:7
FNH:0
FNDA:0,(anonymous_8)
FNDA:0,(anonymous_9)
FNDA:0,(anonymous_10)
FNDA:0,(anonymous_11)
FNDA:0,(anonymous_12)
FNDA:0,(anonymous_13)
FNDA:0,(anonymous_14)
DA:2,0
DA:3,0
DA:4,0
DA:5,0
DA:7,0
DA:8,0
DA:16,0
DA:35,0
DA:38,0
DA:39,0
DA:41,0
DA:42,0
DA:45,0
DA:59,0
DA:62,0
DA:63,0
DA:64,0
DA:66,0
DA:67,0
DA:70,0
DA:71,0
DA:72,0
DA:74,0
DA:79,0
LF:24
LH:0
BRDA:24,0,0,0
BRDA:24,0,1,0
BRDA:29,1,0,0
BRDA:29,1,1,0
BRDA:41,2,0,0
BRDA:41,2,1,0
BRDA:41,3,0,0
BRDA:41,3,1,0
BRDA:41,3,2,0
BRDA:51,4,0,0
BRDA:51,4,1,0
BRDA:52,5,0,0
BRDA:52,5,1,0
BRDA:54,6,0,0
BRDA:54,6,1,0
BRDA:66,7,0,0
BRDA:66,7,1,0
BRDA:66,8,0,0
BRDA:66,8,1,0
BRDA:71,9,0,0
BRDA:71,9,1,0
BRDA:72,10,0,0
BRDA:72,10,1,0
BRF:23
BRH:0
end_of_record
TN:
SF:src/controllers/inviteController.ts
FN:7,(anonymous_8)
FN:7,(anonymous_9)
FN:14,(anonymous_10)
FN:14,(anonymous_11)
FN:46,(anonymous_12)
FN:46,(anonymous_13)
FNF:6
FNH:0
FNDA:0,(anonymous_8)
FNDA:0,(anonymous_9)
FNDA:0,(anonymous_10)
FNDA:0,(anonymous_11)
FNDA:0,(anonymous_12)
FNDA:0,(anonymous_13)
DA:2,0
DA:3,0
DA:4,0
DA:5,0
DA:7,0
DA:8,0
DA:11,0
DA:14,0
DA:15,0
DA:17,0
DA:20,0
DA:21,0
DA:24,0
DA:25,0
DA:26,0
DA:28,0
DA:41,0
DA:43,0
DA:46,0
DA:47,0
DA:48,0
DA:49,0
LF:22
LH:0
BRDA:20,0,0,0
BRDA:20,0,1,0
BRDA:34,1,0,0
BRDA:34,1,1,0
BRF:4
BRH:0
end_of_record
TN:
SF:src/controllers/leadSettingsController.ts
FN:8,(anonymous_8)
FN:8,(anonymous_9)
FN:15,(anonymous_10)
FN:15,(anonymous_11)
FN:37,(anonymous_12)
FN:37,(anonymous_13)
FN:53,(anonymous_14)
FN:53,(anonymous_15)
FN:61,(anonymous_16)
FN:61,(anonymous_17)
FN:68,(anonymous_18)
FN:68,(anonymous_19)
FN:90,(anonymous_20)
FN:90,(anonymous_21)
FN:106,(anonymous_22)
FN:106,(anonymous_23)
FNF:16
FNH:0
FNDA:0,(anonymous_8)
FNDA:0,(anonymous_9)
FNDA:0,(anonymous_10)
FNDA:0,(anonymous_11)
FNDA:0,(anonymous_12)
FNDA:0,(anonymous_13)
FNDA:0,(anonymous_14)
FNDA:0,(anonymous_15)
FNDA:0,(anonymous_16)
FNDA:0,(anonymous_17)
FNDA:0,(anonymous_18)
FNDA:0,(anonymous_19)
FNDA:0,(anonymous_20)
FNDA:0,(anonymous_21)
FNDA:0,(anonymous_22)
FNDA:0,(anonymous_23)
DA:2,0
DA:3,0
DA:4,0
DA:8,0
DA:9,0
DA:12,0
DA:15,0
DA:16,0
DA:18,0
DA:19,0
DA:20,0
DA:23,0
DA:26,0
DA:34,0
DA:37,0
DA:38,0
DA:39,0
DA:41,0
DA:50,0
DA:53,0
DA:54,0
DA:55,0
DA:56,0
DA:61,0
DA:62,0
DA:65,0
DA:68,0
DA:69,0
DA:71,0
DA:72,0
DA:73,0
DA:76,0
DA:79,0
DA:87,0
DA:90,0
DA:91,0
DA:92,0
DA:94,0
DA:103,0
DA:106,0
DA:107,0
DA:108,0
DA:109,0
LF:43
LH:0
BRDA:19,0,0,0
BRDA:19,0,1,0
BRDA:23,1,0,0
BRDA:23,1,1,0
BRDA:72,2,0,0
BRDA:72,2,1,0
BRDA:76,3,0,0
BRDA:76,3,1,0
BRF:8
BRH:0
end_of_record
TN:
SF:src/controllers/leadsController.ts
FN:5,(anonymous_7)
FN:5,(anonymous_8)
FN:10,(anonymous_9)
FN:10,(anonymous_10)
FN:15,(anonymous_11)
FN:15,(anonymous_12)
FN:20,(anonymous_13)
FN:20,(anonymous_14)
FN:25,(anonymous_15)
FN:25,(anonymous_16)
FN:30,(anonymous_17)
FN:30,(anonymous_18)
FN:35,(anonymous_19)
FN:35,(anonymous_20)
FNF:14
FNH:4
FNDA:1,(anonymous_7)
FNDA:1,(anonymous_8)
FNDA:0,(anonymous_9)
FNDA:0,(anonymous_10)
FNDA:1,(anonymous_11)
FNDA:1,(anonymous_12)
FNDA:0,(anonymous_13)
FNDA:0,(anonymous_14)
FNDA:0,(anonymous_15)
FNDA:0,(anonymous_16)
FNDA:0,(anonymous_17)
FNDA:0,(anonymous_18)
FNDA:0,(anonymous_19)
FNDA:0,(anonymous_20)
DA:2,1
DA:3,1
DA:5,1
DA:6,1
DA:7,0
DA:10,1
DA:11,0
DA:12,0
DA:15,1
DA:16,1
DA:17,1
DA:20,1
DA:21,0
DA:22,0
DA:25,1
DA:26,0
DA:27,0
DA:30,1
DA:31,0
DA:32,0
DA:35,1
DA:36,0
DA:37,0
DA:38,0
LF:24
LH:12
BRF:0
BRH:0
end_of_record
TN:
SF:src/controllers/notificationController.ts
FN:6,(anonymous_8)
FN:6,(anonymous_9)
FN:24,(anonymous_10)
FN:36,(anonymous_11)
FN:36,(anonymous_12)
FN:45,(anonymous_13)
FN:45,(anonymous_14)
FNF:7
FNH:0
FNDA:0,(anonymous_8)
FNDA:0,(anonymous_9)
FNDA:0,(anonymous_10)
FNDA:0,(anonymous_11)
FNDA:0,(anonymous_12)
FNDA:0,(anonymous_13)
FNDA:0,(anonymous_14)
DA:3,0
DA:4,0
DA:6,0
DA:7,0
DA:9,0
DA:10,0
DA:11,0
DA:14,0
DA:15,0
DA:16,0
DA:19,0
DA:24,0
DA:33,0
DA:36,0
DA:37,0
DA:38,0
DA:42,0
DA:45,0
DA:47,0
DA:48,0
DA:50,0
DA:51,0
DA:56,0
LF:23
LH:0
BRDA:9,0,0,0
BRDA:9,0,1,0
BRDA:9,1,0,0
BRDA:9,1,1,0
BRDA:11,2,0,0
BRDA:11,2,1,0
BRDA:11,3,0,0
BRDA:11,3,1,0
BRDA:11,4,0,0
BRDA:11,4,1,0
BRDA:14,5,0,0
BRDA:14,5,1,0
BRDA:48,6,0,0
BRDA:48,6,1,0
BRDA:48,7,0,0
BRDA:48,7,1,0
BRDA:50,8,0,0
BRDA:50,8,1,0
BRF:18
BRH:0
end_of_record
TN:
SF:src/controllers/roleController.ts
FN:7,(anonymous_8)
FN:7,(anonymous_9)
FN:14,(anonymous_10)
FN:14,(anonymous_11)
FN:38,(anonymous_12)
FN:38,(anonymous_13)
FN:53,(anonymous_14)
FN:53,(anonymous_15)
FNF:8
FNH:0
FNDA:0,(anonymous_8)
FNDA:0,(anonymous_9)
FNDA:0,(anonymous_10)
FNDA:0,(anonymous_11)
FNDA:0,(anonymous_12)
FNDA:0,(anonymous_13)
FNDA:0,(anonymous_14)
FNDA:0,(anonymous_15)
DA:2,0
DA:3,0
DA:4,0
DA:5,0
DA:7,0
DA:8,0
DA:11,0
DA:14,0
DA:15,0
DA:17,0
DA:20,0
DA:21,0
DA:22,0
DA:25,0
DA:35,0
DA:38,0
DA:39,0
DA:40,0
DA:42,0
DA:50,0
DA:53,0
DA:54,0
DA:56,0
DA:57,0
DA:58,0
DA:63,0
DA:67,0
DA:68,0
DA:71,0
DA:72,0
LF:30
LH:0
BRDA:21,0,0,0
BRDA:21,0,1,0
BRDA:30,1,0,0
BRDA:30,1,1,0
BRDA:46,2,0,0
BRDA:46,2,1,0
BRDA:46,3,0,0
BRDA:46,3,1,0
BRDA:57,4,0,0
BRDA:57,4,1,0
BRDA:58,5,0,0
BRDA:58,5,1,0
BRDA:67,6,0,0
BRDA:67,6,1,0
BRF:14
BRH:0
end_of_record
TN:
SF:src/controllers/settingsController.ts
FN:7,(anonymous_8)
FN:7,(anonymous_9)
FN:27,(anonymous_10)
FN:27,(anonymous_11)
FNF:4
FNH:0
FNDA:0,(anonymous_8)
FNDA:0,(anonymous_9)
FNDA:0,(anonymous_10)
FNDA:0,(anonymous_11)
DA:2,0
DA:3,0
DA:4,0
DA:5,0
DA:7,0
DA:8,0
DA:9,0
DA:13,0
DA:14,0
DA:15,0
DA:24,0
DA:27,0
DA:28,0
DA:29,0
DA:31,0
DA:32,0
DA:36,0
DA:48,0
LF:18
LH:0
BRDA:13,0,0,0
BRDA:13,0,1,0
BRDA:31,1,0,0
BRDA:31,1,1,0
BRF:4
BRH:0
end_of_record
TN:
SF:src/controllers/tasksController.ts
FN:5,(anonymous_7)
FN:5,(anonymous_8)
FN:10,(anonymous_9)
FN:10,(anonymous_10)
FNF:4
FNH:0
FNDA:0,(anonymous_7)
FNDA:0,(anonymous_8)
FNDA:0,(anonymous_9)
FNDA:0,(anonymous_10)
DA:2,0
DA:3,0
DA:5,0
DA:6,0
DA:7,0
DA:10,0
DA:11,0
DA:12,0
LF:8
LH:0
BRF:0
BRH:0
end_of_record
TN:
SF:src/controllers/userController.ts
FN:6,(anonymous_8)
FN:6,(anonymous_9)
FN:25,(anonymous_10)
FN:38,(anonymous_11)
FN:38,(anonymous_12)
FN:57,(anonymous_13)
FN:57,(anonymous_14)
FN:69,(anonymous_15)
FN:69,(anonymous_16)
FN:88,(anonymous_17)
FN:88,(anonymous_18)
FN:114,(anonymous_19)
FN:114,(anonymous_20)
FN:151,(anonymous_21)
FN:151,(anonymous_22)
FNF:15
FNH:0
FNDA:0,(anonymous_8)
FNDA:0,(anonymous_9)
FNDA:0,(anonymous_10)
FNDA:0,(anonymous_11)
FNDA:0,(anonymous_12)
FNDA:0,(anonymous_13)
FNDA:0,(anonymous_14)
FNDA:0,(anonymous_15)
FNDA:0,(anonymous_16)
FNDA:0,(anonymous_17)
FNDA:0,(anonymous_18)
FNDA:0,(anonymous_19)
FNDA:0,(anonymous_20)
FNDA:0,(anonymous_21)
FNDA:0,(anonymous_22)
DA:2,0
DA:3,0
DA:4,0
DA:6,0
DA:7,0
DA:25,0
DA:35,0
DA:38,0
DA:39,0
DA:40,0
DA:42,0
DA:43,0
DA:46,0
DA:54,0
DA:57,0
DA:58,0
DA:59,0
DA:61,0
DA:66,0
DA:69,0
DA:70,0
DA:72,0
DA:73,0
DA:75,0
DA:76,0
DA:81,0
DA:84,0
DA:85,0
DA:88,0
DA:89,0
DA:90,0
DA:92,0
DA:98,0
DA:109,0
DA:112,0
DA:114,0
DA:115,0
DA:117,0
DA:118,0
DA:121,0
DA:141,0
DA:142,0
DA:144,0
DA:148,0
DA:151,0
DA:152,0
DA:153,0
DA:155,0
DA:157,0
DA:162,0
DA:163,0
DA:165,0
DA:168,0
LF:53
LH:0
BRDA:42,0,0,0
BRDA:42,0,1,0
BRDA:75,1,0,0
BRDA:75,1,1,0
BRDA:75,2,0,0
BRDA:75,2,1,0
BRDA:92,3,0,0
BRDA:92,3,1,0
BRDA:117,4,0,0
BRDA:117,4,1,0
BRDA:117,5,0,0
BRDA:117,5,1,0
BRDA:126,6,0,0
BRDA:126,6,1,0
BRDA:133,7,0,0
BRDA:133,7,1,0
BRDA:148,8,0,0
BRDA:148,8,1,0
BRDA:155,9,0,0
BRDA:155,9,1,0
BRF:20
BRH:0
end_of_record
TN:
SF:src/controllers/webhookController.ts
FN:6,(anonymous_8)
FN:6,(anonymous_9)
FNF:2
FNH:0
FNDA:0,(anonymous_8)
FNDA:0,(anonymous_9)
DA:2,0
DA:3,0
DA:4,0
DA:6,0
DA:7,0
DA:9,0
DA:11,0
DA:12,0
DA:13,0
DA:14,0
DA:17,0
DA:21,0
DA:22,0
DA:23,0
DA:24,0
DA:28,0
DA:29,0
DA:31,0
DA:47,0
DA:49,0
LF:20
LH:0
BRDA:11,0,0,0
BRDA:11,0,1,0
BRDA:11,1,0,0
BRDA:11,1,1,0
BRDA:21,2,0,0
BRDA:21,2,1,0
BRDA:29,3,0,0
BRDA:29,3,1,0
BRDA:29,4,0,0
BRDA:29,4,1,0
BRDA:36,5,0,0
BRDA:36,5,1,0
BRDA:37,6,0,0
BRDA:37,6,1,0
BRDA:38,7,0,0
BRDA:38,7,1,0
BRF:16
BRH:0
end_of_record
TN:
SF:src/controllers/workflowController.ts
FN:11,(anonymous_8)
FN:11,(anonymous_9)
FN:18,(anonymous_10)
FN:18,(anonymous_11)
FN:37,(anonymous_12)
FN:37,(anonymous_13)
FN:60,(anonymous_14)
FN:60,(anonymous_15)
FN:70,(anonymous_16)
FN:70,(anonymous_17)
FNF:10
FNH:0
FNDA:0,(anonymous_8)
FNDA:0,(anonymous_9)
FNDA:0,(anonymous_10)
FNDA:0,(anonymous_11)
FNDA:0,(anonymous_12)
FNDA:0,(anonymous_13)
FNDA:0,(anonymous_14)
FNDA:0,(anonymous_15)
FNDA:0,(anonymous_16)
FNDA:0,(anonymous_17)
DA:2,0
DA:3,0
DA:4,0
DA:5,0
DA:11,0
DA:12,0
DA:15,0
DA:18,0
DA:19,0
DA:21,0
DA:34,0
DA:37,0
DA:38,0
DA:39,0
DA:41,0
DA:42,0
DA:43,0
DA:44,0
DA:45,0
DA:46,0
DA:48,0
DA:49,0
DA:52,0
DA:57,0
DA:60,0
DA:61,0
DA:62,0
DA:65,0
DA:70,0
DA:71,0
DA:73,0
DA:75,0
DA:76,0
DA:81,0
DA:82,0
DA:84,0
DA:86,0
DA:88,0
DA:89,0
DA:91,0
DA:92,0
DA:95,0
DA:101,0
LF:43
LH:0
BRDA:27,0,0,0
BRDA:27,0,1,0
BRDA:28,1,0,0
BRDA:28,1,1,0
BRDA:29,2,0,0
BRDA:29,2,1,0
BRDA:42,3,0,0
BRDA:42,3,1,0
BRDA:43,4,0,0
BRDA:43,4,1,0
BRDA:44,5,0,0
BRDA:44,5,1,0
BRDA:45,6,0,0
BRDA:45,6,1,0
BRDA:46,7,0,0
BRDA:46,7,1,0
BRDA:48,8,0,0
BRDA:48,8,1,0
BRDA:75,9,0,0
BRDA:75,9,1,0
BRDA:81,10,0,0
BRDA:81,10,1,0
BRDA:81,11,0,0
BRDA:81,11,1,0
BRDA:84,12,0,0
BRDA:84,12,1,0
BRDA:84,13,0,0
BRDA:84,13,1,0
BRDA:88,14,0,0
BRDA:88,14,1,0
BRDA:91,15,0,0
BRDA:91,15,1,0
BRF:32
BRH:0
end_of_record
TN:
SF:src/middlewares/authMiddleware.ts
FN:14,(anonymous_8)
FN:14,(anonymous_9)
FN:78,(anonymous_10)
FNF:3
FNH:3
FNDA:2,(anonymous_8)
FNDA:2,(anonymous_9)
FNDA:1,(anonymous_10)
DA:2,1
DA:3,1
DA:4,1
DA:5,1
DA:14,2
DA:15,2
DA:16,2
DA:19,2
DA:20,0
DA:21,0
DA:22,0
DA:44,0
DA:45,0
DA:49,2
DA:50,1
DA:53,1
DA:55,1
DA:56,1
DA:59,1
DA:64,1
DA:65,1
DA:67,1
DA:68,1
DA:70,1
DA:74,1
DA:77,1
DA:78,1
DA:82,1
DA:88,1
DA:90,0
DA:91,0
DA:95,1
LF:32
LH:25
BRDA:19,0,0,0
BRDA:19,0,1,2
BRDA:19,1,0,2
BRDA:19,1,1,1
BRDA:19,1,2,1
BRDA:21,2,0,0
BRDA:21,2,1,0
BRDA:49,3,0,1
BRDA:49,3,1,1
BRDA:49,4,0,2
BRDA:49,4,1,1
BRDA:67,5,0,1
BRDA:67,5,1,0
BRDA:74,6,0,1
BRDA:74,6,1,0
BRDA:74,7,0,1
BRDA:74,7,1,1
BRF:17
BRH:12
end_of_record
TN:
SF:src/middlewares/correlation.ts
FN:12,(anonymous_1)
FNF:1
FNH:0
FNDA:0,(anonymous_1)
DA:2,0
DA:12,0
DA:14,0
DA:17,0
DA:20,0
DA:23,0
DA:25,0
LF:7
LH:0
BRDA:17,0,0,0
BRDA:17,0,1,0
BRF:2
BRH:0
end_of_record
TN:
SF:src/middlewares/errorHandler.ts
FN:8,(anonymous_1)
FN:17,(anonymous_2)
FNF:2
FNH:1
FNDA:3,(anonymous_1)
FNDA:0,(anonymous_2)
DA:2,3
DA:4,3
DA:9,3
DA:10,3
DA:11,3
DA:13,3
DA:17,3
DA:18,0
DA:26,0
DA:27,0
DA:34,0
DA:36,0
DA:37,0
DA:38,0
DA:45,0
DA:46,0
DA:53,0
DA:54,0
DA:55,0
DA:63,0
DA:69,0
LF:21
LH:7
BRDA:23,0,0,0
BRDA:23,0,1,0
BRDA:26,1,0,0
BRDA:26,1,1,0
BRDA:34,2,0,0
BRDA:34,2,1,0
BRDA:36,3,0,0
BRDA:36,3,1,0
BRDA:37,4,0,0
BRDA:37,4,1,0
BRDA:37,5,0,0
BRDA:37,5,1,0
BRDA:37,6,0,0
BRDA:37,6,1,0
BRDA:45,7,0,0
BRDA:45,7,1,0
BRDA:53,8,0,0
BRDA:53,8,1,0
BRDA:54,9,0,0
BRDA:54,9,1,0
BRDA:54,10,0,0
BRDA:54,10,1,0
BRDA:54,11,0,0
BRDA:54,11,1,0
BRDA:71,12,0,0
BRDA:71,12,1,0
BRF:26
BRH:0
end_of_record
TN:
SF:src/middlewares/featureFlag.ts
FN:10,(anonymous_0)
FN:11,(anonymous_1)
FNF:2
FNH:0
FNDA:0,(anonymous_0)
FNDA:0,(anonymous_1)
DA:2,0
DA:10,0
DA:11,0
DA:12,0
DA:13,0
DA:18,0
LF:6
LH:0
BRDA:12,0,0,0
BRDA:12,0,1,0
BRF:2
BRH:0
end_of_record
TN:
SF:src/middlewares/metrics.ts
FN:4,(anonymous_0)
FN:11,(anonymous_1)
FNF:2
FNH:0
FNDA:0,(anonymous_0)
FNDA:0,(anonymous_1)
DA:2,0
DA:4,0
DA:5,0
DA:8,0
DA:11,0
DA:12,0
DA:13,0
DA:14,0
DA:15,0
DA:18,0
DA:23,0
DA:30,0
DA:33,0
LF:13
LH:0
BRDA:13,0,0,0
BRDA:13,0,1,0
BRDA:13,1,0,0
BRDA:13,1,1,0
BRDA:13,2,0,0
BRDA:13,2,1,0
BRF:6
BRH:0
end_of_record
TN:
SF:src/middlewares/rateLimiter.ts
FN:22,(anonymous_1)
FN:24,(anonymous_2)
FNF:2
FNH:0
FNDA:0,(anonymous_1)
FNDA:0,(anonymous_2)
DA:1,0
DA:5,0
DA:14,0
DA:23,0
DA:24,0
DA:29,0
DA:38,0
DA:67,0
LF:8
LH:0
BRF:0
BRH:0
end_of_record
TN:
SF:src/middlewares/rbacMiddleware.ts
FN:6,(anonymous_0)
FN:7,(anonymous_1)
FN:22,(anonymous_2)
FN:23,(anonymous_3)
FNF:4
FNH:4
FNDA:2,(anonymous_0)
FNDA:2,(anonymous_1)
FNDA:2,(anonymous_2)
FNDA:2,(anonymous_3)
DA:3,1
DA:6,1
DA:7,2
DA:8,2
DA:9,0
DA:12,2
DA:14,2
DA:15,1
DA:18,1
DA:22,1
DA:23,2
DA:25,2
DA:26,0
DA:29,2
DA:30,0
DA:36,2
DA:37,0
DA:40,2
DA:41,1
DA:44,1
LF:20
LH:16
BRDA:8,0,0,0
BRDA:8,0,1,2
BRDA:8,1,0,2
BRDA:8,1,1,2
BRDA:12,2,0,0
BRDA:12,2,1,2
BRDA:14,3,0,1
BRDA:14,3,1,1
BRDA:25,4,0,0
BRDA:25,4,1,2
BRDA:29,5,0,0
BRDA:29,5,1,2
BRDA:29,6,0,2
BRDA:29,6,1,2
BRDA:36,7,0,0
BRDA:36,7,1,2
BRDA:40,8,0,1
BRDA:40,8,1,1
BRF:18
BRH:13
end_of_record
TN:
SF:src/middlewares/requestLogger.ts
FN:4,(anonymous_1)
FN:7,(anonymous_2)
FNF:2
FNH:0
FNDA:0,(anonymous_1)
FNDA:0,(anonymous_2)
DA:2,0
DA:4,0
DA:5,0
DA:7,0
DA:8,0
DA:9,0
DA:19,0
LF:7
LH:0
BRDA:11,0,0,0
BRDA:11,0,1,0
BRF:2
BRH:0
end_of_record
TN:
SF:src/middlewares/validate.ts
FN:4,(anonymous_7)
FN:4,(anonymous_8)
FN:4,(anonymous_9)
FNF:3
FNH:0
FNDA:0,(anonymous_7)
FNDA:0,(anonymous_8)
FNDA:0,(anonymous_9)
DA:2,0
DA:4,0
DA:5,0
DA:6,0
DA:12,0
DA:15,0
DA:16,0
DA:18,0
DA:19,0
DA:22,0
DA:24,0
DA:25,0
DA:30,0
LF:13
LH:0
BRDA:15,0,0,0
BRDA:15,0,1,0
BRDA:15,1,0,0
BRDA:15,1,1,0
BRDA:18,2,0,0
BRDA:18,2,1,0
BRDA:18,3,0,0
BRDA:18,3,1,0
BRDA:24,4,0,0
BRDA:24,4,1,0
BRF:10
BRH:0
end_of_record
TN:
SF:src/middlewares/validation.ts
FN:5,(anonymous_0)
FN:7,(anonymous_1)
FN:59,(anonymous_2)
FN:60,(anonymous_3)
FNF:4
FNH:0
FNDA:0,(anonymous_0)
FNDA:0,(anonymous_1)
FNDA:0,(anonymous_2)
FNDA:0,(anonymous_3)
DA:2,0
DA:5,0
DA:7,0
DA:8,0
DA:10,0
DA:17,0
DA:18,0
DA:21,0
DA:22,0
DA:23,0
DA:24,0
DA:26,0
DA:29,0
DA:32,0
DA:33,0
DA:36,0
DA:37,0
DA:40,0
DA:41,0
DA:44,0
DA:48,0
DA:59,0
DA:60,0
DA:61,0
DA:63,0
DA:64,0
DA:70,0
DA:74,0
LF:28
LH:0
BRDA:8,0,0,0
BRDA:8,0,1,0
BRDA:17,1,0,0
BRDA:17,1,1,0
BRDA:21,2,0,0
BRDA:21,2,1,0
BRDA:21,3,0,0
BRDA:21,3,1,0
BRDA:32,4,0,0
BRDA:32,4,1,0
BRDA:36,5,0,0
BRDA:36,5,1,0
BRDA:40,6,0,0
BRDA:40,6,1,0
BRDA:59,7,0,0
BRDA:61,8,0,0
BRDA:61,8,1,0
BRDA:63,9,0,0
BRDA:63,9,1,0
BRF:19
BRH:0
end_of_record
TN:
SF:src/routes/activityLogs.ts
FNF:0
FNH:0
DA:1,0
DA:2,0
DA:3,0
DA:5,0
DA:7,0
DA:9,0
LF:6
LH:0
BRF:0
BRH:0
end_of_record
TN:
SF:src/routes/analytics.ts
FNF:0
FNH:0
DA:1,0
DA:2,0
DA:3,0
DA:4,0
DA:6,0
DA:8,0
DA:9,0
DA:10,0
DA:11,0
DA:12,0
DA:14,0
LF:11
LH:0
BRF:0
BRH:0
end_of_record
TN:
SF:src/routes/dashboardRoutes.ts
FNF:0
FNH:0
DA:1,0
DA:2,0
DA:4,0
DA:6,0
DA:8,0
DA:10,0
DA:12,0
LF:7
LH:0
BRF:0
BRH:0
end_of_record
TN:
SF:src/routes/deals.ts
FNF:0
FNH:0
DA:1,0
DA:2,0
DA:4,0
DA:5,0
DA:7,0
DA:9,0
DA:10,0
DA:11,0
DA:12,0
DA:14,0
LF:10
LH:0
BRF:0
BRH:0
end_of_record
TN:
SF:src/routes/followUps.ts
FNF:0
FNH:0
DA:1,0
DA:2,0
DA:4,0
DA:6,0
DA:7,0
DA:8,0
DA:10,0
LF:7
LH:0
BRF:0
BRH:0
end_of_record
TN:
SF:src/routes/index.ts
FNF:0
FNH:0
DA:1,0
DA:2,0
DA:3,0
DA:4,0
DA:5,0
DA:6,0
DA:7,0
DA:8,0
DA:9,0
DA:10,0
DA:11,0
DA:12,0
DA:13,0
DA:17,0
DA:24,0
DA:25,0
DA:26,0
DA:27,0
DA:28,0
DA:29,0
DA:30,0
DA:31,0
DA:32,0
DA:33,0
DA:34,0
DA:35,0
DA:40,0
DA:41,0
DA:43,0
LF:29
LH:0
BRF:0
BRH:0
end_of_record
TN:
SF:src/routes/leads.ts
FNF:0
FNH:0
DA:1,0
DA:2,0
DA:3,0
DA:4,0
DA:6,0
DA:18,0
DA:19,0
DA:28,0
DA:29,0
DA:30,0
DA:31,0
DA:32,0
DA:34,0
LF:13
LH:0
BRF:0
BRH:0
end_of_record
TN:
SF:src/routes/notifications.ts
FNF:0
FNH:0
DA:1,0
DA:2,0
DA:4,0
DA:6,0
DA:7,0
DA:8,0
DA:10,0
LF:7
LH:0
BRF:0
BRH:0
end_of_record
TN:
SF:src/routes/roles.ts
FNF:0
FNH:0
DA:1,0
DA:2,0
DA:4,0
DA:6,0
DA:7,0
DA:8,0
DA:9,0
DA:11,0
LF:8
LH:0
BRF:0
BRH:0
end_of_record
TN:
SF:src/routes/settings.ts
FNF:0
FNH:0
DA:1,0
DA:2,0
DA:3,0
DA:7,0
DA:11,0
DA:14,0
DA:15,0
DA:18,0
DA:19,0
DA:20,0
DA:21,0
DA:24,0
DA:25,0
DA:26,0
DA:27,0
DA:30,0
DA:31,0
DA:32,0
DA:33,0
DA:35,0
LF:20
LH:0
BRF:0
BRH:0
end_of_record
TN:
SF:src/routes/tasks.ts
FNF:0
FNH:0
DA:1,0
DA:2,0
DA:4,0
DA:5,0
DA:7,0
DA:9,0
DA:10,0
DA:12,0
LF:8
LH:0
BRF:0
BRH:0
end_of_record
TN:
SF:src/routes/userRoutes.ts
FNF:0
FNH:0
DA:1,0
DA:2,0
DA:3,0
DA:5,0
DA:7,0
DA:9,0
DA:11,0
DA:12,0
DA:13,0
DA:14,0
DA:15,0
DA:16,0
DA:17,0
DA:18,0
DA:20,0
LF:15
LH:0
BRF:0
BRH:0
end_of_record
TN:
SF:src/routes/users.ts
FNF:0
FNH:0
DA:1,0
DA:2,0
DA:3,0
DA:4,0
DA:6,0
DA:9,0
DA:10,0
DA:11,0
DA:12,0
DA:13,0
DA:14,0
DA:15,0
DA:18,0
DA:19,0
DA:20,0
DA:22,0
LF:16
LH:0
BRF:0
BRH:0
end_of_record
TN:
SF:src/routes/webhookRoutes.ts
FNF:0
FNH:0
DA:1,0
DA:2,0
DA:4,0
DA:7,0
DA:9,0
LF:5
LH:0
BRF:0
BRH:0
end_of_record
TN:
SF:src/routes/workflows.ts
FNF:0
FNH:0
DA:1,0
DA:2,0
DA:3,0
DA:5,0
DA:7,0
DA:8,0
DA:9,0
DA:10,0
DA:12,0
DA:15,0
DA:17,0
LF:11
LH:0
BRF:0
BRH:0
end_of_record
TN:
SF:src/schemas/dealSchema.ts
FNF:0
FNH:0
DA:1,0
DA:3,0
DA:13,0
LF:3
LH:0
BRF:0
BRH:0
end_of_record
TN:
SF:src/schemas/leadSchema.ts
FNF:0
FNH:0
DA:1,0
DA:3,0
DA:13,0
LF:3
LH:0
BRF:0
BRH:0
end_of_record
TN:
SF:src/schemas/taskSchema.ts
FNF:0
FNH:0
DA:1,0
DA:3,0
DA:14,0
LF:3
LH:0
BRF:0
BRH:0
end_of_record
TN:
SF:src/scripts/create-user.ts
FN:4,(anonymous_8)
FN:4,(anonymous_9)
FNF:2
FNH:0
FNDA:0,(anonymous_8)
FNDA:0,(anonymous_9)
DA:1,0
DA:2,0
DA:4,0
DA:5,0
DA:6,0
DA:7,0
DA:8,0
DA:9,0
DA:10,0
DA:13,0
DA:17,0
DA:18,0
DA:19,0
DA:23,0
DA:24,0
DA:28,0
DA:30,0
DA:43,0
DA:44,0
DA:47,0
DA:49,0
DA:53,0
LF:22
LH:0
BRDA:17,0,0,0
BRDA:17,0,1,0
BRF:2
BRH:0
end_of_record
TN:
SF:src/scripts/seed.ts
FN:4,(anonymous_8)
FN:4,(anonymous_9)
FN:35,(anonymous_10)
FN:50,(anonymous_11)
FNF:4
FNH:0
FNDA:0,(anonymous_8)
FNDA:0,(anonymous_9)
FNDA:0,(anonymous_10)
FNDA:0,(anonymous_11)
DA:1,0
DA:2,0
DA:4,0
DA:5,0
DA:6,0
DA:9,0
DA:10,0
DA:11,0
DA:12,0
DA:20,0
DA:30,0
DA:31,0
DA:32,0
DA:33,0
DA:34,0
DA:35,0
DA:45,0
DA:46,0
DA:47,0
DA:48,0
DA:49,0
DA:50,0
DA:58,0
DA:61,0
DA:63,0
DA:67,0
LF:26
LH:0
BRDA:10,0,0,0
BRDA:10,0,1,0
BRDA:31,1,0,0
BRDA:31,1,1,0
BRDA:46,2,0,0
BRDA:46,2,1,0
BRF:6
BRH:0
end_of_record
TN:
SF:src/scripts/verify-db-connection.ts
FN:6,main
FNF:1
FNH:0
FNDA:0,main
DA:2,0
DA:4,0
DA:7,0
DA:8,0
DA:9,0
DA:10,0
DA:12,0
DA:13,0
DA:15,0
DA:16,0
DA:18,0
DA:19,0
DA:20,0
DA:24,0
DA:26,0
DA:30,0
LF:16
LH:0
BRDA:18,0,0,0
BRDA:18,0,1,0
BRF:2
BRH:0
end_of_record
TN:
SF:src/services/aiService.ts
FN:22,(anonymous_8)
FN:22,(anonymous_9)
FN:88,(anonymous_10)
FNF:3
FNH:0
FNDA:0,(anonymous_8)
FNDA:0,(anonymous_9)
FNDA:0,(anonymous_10)
DA:1,0
DA:2,0
DA:3,0
DA:4,0
DA:6,0
DA:9,0
DA:22,0
DA:24,0
DA:25,0
DA:26,0
DA:28,0
DA:29,0
DA:30,0
DA:33,0
DA:34,0
DA:42,0
DA:58,0
DA:59,0
DA:60,0
DA:64,0
DA:65,0
DA:67,0
DA:68,0
DA:71,0
DA:73,0
DA:74,0
DA:77,0
DA:80,0
DA:83,0
DA:84,0
DA:88,0
DA:90,0
DA:92,0
DA:93,0
DA:102,0
LF:35
LH:0
BRDA:26,0,0,0
BRDA:26,0,1,0
BRDA:28,1,0,0
BRDA:28,1,1,0
BRDA:73,2,0,0
BRDA:73,2,1,0
BRDA:92,3,0,0
BRDA:92,3,1,0
BRDA:92,4,0,0
BRDA:92,4,1,0
BRF:10
BRH:0
end_of_record
TN:
SF:src/services/analyticsService.ts
FN:5,(anonymous_8)
FN:5,(anonymous_9)
FN:14,(anonymous_10)
FN:14,(anonymous_11)
FN:50,(anonymous_12)
FN:51,(anonymous_13)
FN:51,(anonymous_14)
FN:78,(anonymous_15)
FN:79,(anonymous_16)
FN:80,(anonymous_17)
FN:87,(anonymous_18)
FN:94,(anonymous_19)
FN:120,(anonymous_20)
FNF:13
FNH:0
FNDA:0,(anonymous_8)
FNDA:0,(anonymous_9)
FNDA:0,(anonymous_10)
FNDA:0,(anonymous_11)
FNDA:0,(anonymous_12)
FNDA:0,(anonymous_13)
FNDA:0,(anonymous_14)
FNDA:0,(anonymous_15)
FNDA:0,(anonymous_16)
FNDA:0,(anonymous_17)
FNDA:0,(anonymous_18)
FNDA:0,(anonymous_19)
FNDA:0,(anonymous_20)
DA:1,0
DA:2,0
DA:4,0
DA:5,0
DA:6,0
DA:7,0
DA:10,0
DA:11,0
DA:12,0
DA:13,0
DA:14,0
DA:16,0
DA:18,0
DA:19,0
DA:20,0
DA:23,0
DA:25,0
DA:31,0
DA:32,0
DA:37,0
DA:38,0
DA:39,0
DA:40,0
DA:42,0
DA:43,0
DA:45,0
DA:46,0
DA:50,0
DA:51,0
DA:52,0
DA:53,0
DA:54,0
DA:55,0
DA:58,0
DA:62,0
DA:63,0
DA:64,0
DA:66,0
DA:74,0
DA:78,0
DA:79,0
DA:80,0
DA:83,0
DA:87,0
DA:90,0
DA:94,0
DA:100,0
DA:101,0
DA:120,0
DA:129,0
DA:155,0
DA:156,0
DA:157,0
DA:160,0
DA:163,0
DA:167,0
LF:56
LH:0
BRDA:5,0,0,0
BRDA:10,1,0,0
BRDA:10,1,1,0
BRDA:12,2,0,0
BRDA:12,2,1,0
BRDA:18,3,0,0
BRDA:18,3,1,0
BRDA:40,4,0,0
BRDA:40,4,1,0
BRDA:42,5,0,0
BRDA:42,5,1,0
BRDA:43,6,0,0
BRDA:43,6,1,0
BRDA:51,7,0,0
BRDA:51,7,1,0
BRDA:51,8,0,0
BRDA:51,8,1,0
BRDA:51,9,0,0
BRDA:51,9,1,0
BRDA:79,10,0,0
BRDA:79,10,1,0
BRDA:79,11,0,0
BRDA:79,11,1,0
BRDA:79,12,0,0
BRDA:79,12,1,0
BRDA:80,13,0,0
BRDA:80,13,1,0
BRDA:80,14,0,0
BRDA:80,14,1,0
BRDA:80,15,0,0
BRDA:80,15,1,0
BRDA:96,16,0,0
BRDA:96,16,1,0
BRDA:156,17,0,0
BRDA:156,17,1,0
BRF:35
BRH:0
end_of_record
TN:
SF:src/services/backupService.ts
FN:10,(anonymous_8)
FN:15,(anonymous_9)
FN:21,(anonymous_10)
FN:23,(anonymous_11)
FN:30,(anonymous_12)
FN:45,(anonymous_14)
FNF:6
FNH:0
FNDA:0,(anonymous_8)
FNDA:0,(anonymous_9)
FNDA:0,(anonymous_10)
FNDA:0,(anonymous_11)
FNDA:0,(anonymous_12)
FNDA:0,(anonymous_14)
DA:1,0
DA:2,0
DA:3,0
DA:4,0
DA:5,0
DA:11,0
DA:12,0
DA:16,0
DA:17,0
DA:23,0
DA:24,0
DA:25,0
DA:27,0
DA:31,0
DA:32,0
DA:33,0
DA:37,0
DA:39,0
DA:43,0
DA:45,0
DA:46,0
DA:47,0
DA:48,0
DA:50,0
DA:58,0
LF:25
LH:0
BRDA:16,0,0,0
BRDA:16,0,1,0
BRDA:37,1,0,0
BRDA:37,1,1,0
BRDA:39,2,0,0
BRDA:39,2,1,0
BRDA:46,3,0,0
BRDA:46,3,1,0
BRF:8
BRH:0
end_of_record
TN:
SF:src/services/dealService.ts
FN:5,(anonymous_8)
FN:14,(anonymous_10)
FN:35,(anonymous_11)
FN:56,(anonymous_13)
FN:75,(anonymous_15)
FNF:5
FNH:0
FNDA:0,(anonymous_8)
FNDA:0,(anonymous_10)
FNDA:0,(anonymous_11)
FNDA:0,(anonymous_13)
FNDA:0,(anonymous_15)
DA:1,0
DA:2,0
DA:4,0
DA:6,0
DA:14,0
DA:36,0
DA:38,0
DA:40,0
DA:53,0
DA:57,0
DA:59,0
DA:61,0
DA:72,0
DA:76,0
DA:77,0
DA:81,0
LF:16
LH:0
BRDA:21,0,0,0
BRDA:21,0,1,0
BRDA:26,1,0,0
BRDA:26,1,1,0
BRDA:38,2,0,0
BRDA:38,2,1,0
BRDA:46,3,0,0
BRDA:46,3,1,0
BRDA:49,4,0,0
BRDA:49,4,1,0
BRDA:59,5,0,0
BRDA:59,5,1,0
BRF:12
BRH:0
end_of_record
TN:
SF:src/services/emailService.ts
FN:16,(anonymous_8)
FN:16,(anonymous_9)
FNF:2
FNH:0
FNDA:0,(anonymous_8)
FNDA:0,(anonymous_9)
DA:1,0
DA:2,0
DA:3,0
DA:6,0
DA:16,0
DA:17,0
DA:18,0
DA:19,0
DA:22,0
DA:23,0
DA:30,0
DA:31,0
DA:33,0
DA:34,0
LF:14
LH:0
BRDA:7,0,0,0
BRDA:7,0,1,0
BRDA:8,1,0,0
BRDA:8,1,1,0
BRDA:17,2,0,0
BRDA:17,2,1,0
BRDA:17,3,0,0
BRDA:17,3,1,0
BRF:8
BRH:0
end_of_record
TN:
SF:src/services/leadService.ts
FN:7,(anonymous_8)
FN:43,(anonymous_10)
FN:81,(anonymous_11)
FN:126,(anonymous_13)
FN:135,(anonymous_15)
FN:135,(anonymous_16)
FN:170,(anonymous_17)
FN:175,(anonymous_18)
FN:180,(anonymous_20)
FN:199,(anonymous_21)
FN:203,(anonymous_23)
FN:240,(anonymous_24)
FN:250,(anonymous_25)
FN:256,(anonymous_26)
FN:263,(anonymous_28)
FNF:15
FNH:3
FNDA:2,(anonymous_8)
FNDA:0,(anonymous_10)
FNDA:0,(anonymous_11)
FNDA:2,(anonymous_13)
FNDA:0,(anonymous_15)
FNDA:0,(anonymous_16)
FNDA:1,(anonymous_17)
FNDA:0,(anonymous_18)
FNDA:0,(anonymous_20)
FNDA:0,(anonymous_21)
FNDA:0,(anonymous_23)
FNDA:0,(anonymous_24)
FNDA:0,(anonymous_25)
FNDA:0,(anonymous_26)
FNDA:0,(anonymous_28)
DA:1,2
DA:2,2
DA:3,2
DA:4,2
DA:6,2
DA:8,2
DA:9,1
DA:10,1
DA:12,1
DA:14,1
DA:16,1
DA:17,1
DA:18,1
DA:19,1
DA:20,1
DA:22,1
DA:23,1
DA:30,1
DA:43,1
DA:70,1
DA:82,0
DA:89,0
DA:90,0
DA:94,0
DA:127,2
DA:128,2
DA:135,2
DA:137,0
DA:152,0
DA:166,0
DA:170,2
DA:172,2
DA:176,0
DA:177,0
DA:180,0
DA:192,0
DA:196,0
DA:200,0
DA:202,0
DA:203,0
DA:204,0
DA:205,0
DA:209,0
DA:210,0
DA:214,0
DA:215,0
DA:220,0
DA:221,0
DA:222,0
DA:227,0
DA:240,0
DA:244,0
DA:249,0
DA:250,0
DA:253,0
DA:257,0
DA:260,0
DA:264,0
DA:265,0
DA:268,0
DA:270,0
DA:283,0
DA:287,2
LF:63
LH:26
BRDA:8,0,0,2
BRDA:8,0,1,1
BRDA:9,1,0,1
BRDA:9,1,1,1
BRDA:16,2,0,1
BRDA:16,2,1,0
BRDA:16,3,0,1
BRDA:16,3,1,1
BRDA:17,4,0,0
BRDA:17,4,1,1
BRDA:17,5,0,1
BRDA:17,5,1,0
BRDA:18,6,0,0
BRDA:18,6,1,1
BRDA:18,7,0,1
BRDA:18,7,1,0
BRDA:19,8,0,0
BRDA:19,8,1,1
BRDA:19,9,0,1
BRDA:19,9,1,0
BRDA:20,10,0,0
BRDA:20,10,1,1
BRDA:20,11,0,1
BRDA:20,11,1,0
BRDA:22,12,0,1
BRDA:22,12,1,0
BRDA:50,13,0,0
BRDA:50,13,1,0
BRDA:50,14,0,0
BRDA:50,14,1,0
BRDA:89,15,0,0
BRDA:89,15,1,0
BRDA:116,16,0,0
BRDA:116,16,1,0
BRDA:116,17,0,0
BRDA:116,17,1,0
BRDA:143,18,0,0
BRDA:143,18,1,0
BRDA:144,19,0,0
BRDA:144,19,1,0
BRDA:176,20,0,0
BRDA:176,20,1,0
BRDA:176,21,0,0
BRDA:176,21,1,0
BRDA:185,22,0,0
BRDA:185,22,1,0
BRDA:204,23,0,0
BRDA:204,23,1,0
BRDA:209,24,0,0
BRDA:209,24,1,0
BRDA:214,25,0,0
BRDA:214,25,1,0
BRDA:220,26,0,0
BRDA:220,26,1,0
BRDA:232,27,0,0
BRDA:232,27,1,0
BRDA:232,28,0,0
BRDA:232,28,1,0
BRDA:232,29,0,0
BRDA:232,29,1,0
BRDA:249,30,0,0
BRDA:249,30,1,0
BRDA:264,31,0,0
BRDA:264,31,1,0
BRDA:279,32,0,0
BRDA:279,32,1,0
BRF:66
BRH:16
end_of_record
TN:
SF:src/services/scheduler.ts
FN:3,(anonymous_7)
FN:3,(anonymous_8)
FNF:2
FNH:0
FNDA:0,(anonymous_7)
FNDA:0,(anonymous_8)
DA:1,0
DA:3,0
DA:4,0
DA:5,0
LF:4
LH:0
BRF:0
BRH:0
end_of_record
TN:
SF:src/services/socketService.ts
FN:10,(anonymous_8)
FN:10,(anonymous_9)
FN:37,(anonymous_10)
FN:41,(anonymous_11)
FN:41,(anonymous_12)
FN:53,(anonymous_13)
FN:53,(anonymous_14)
FN:68,(anonymous_15)
FN:68,(anonymous_16)
FN:83,(anonymous_17)
FN:83,(anonymous_18)
FNF:11
FNH:0
FNDA:0,(anonymous_8)
FNDA:0,(anonymous_9)
FNDA:0,(anonymous_10)
FNDA:0,(anonymous_11)
FNDA:0,(anonymous_12)
FNDA:0,(anonymous_13)
FNDA:0,(anonymous_14)
FNDA:0,(anonymous_15)
FNDA:0,(anonymous_16)
FNDA:0,(anonymous_17)
FNDA:0,(anonymous_18)
DA:1,0
DA:3,0
DA:4,0
DA:5,0
DA:8,0
DA:10,0
DA:11,0
DA:13,0
DA:14,0
DA:16,0
DA:17,0
DA:18,0
DA:19,0
DA:20,0
DA:22,0
DA:25,0
DA:33,0
DA:34,0
DA:37,0
DA:41,0
DA:42,0
DA:43,0
DA:44,0
DA:45,0
DA:48,0
DA:53,0
DA:54,0
DA:55,0
DA:56,0
DA:58,0
DA:59,0
DA:62,0
DA:68,0
DA:69,0
DA:70,0
DA:71,0
DA:72,0
DA:75,0
DA:77,0
DA:79,0
DA:83,0
DA:85,0
DA:89,0
LF:43
LH:0
BRDA:11,0,0,0
BRDA:11,0,1,0
BRDA:33,1,0,0
BRDA:33,1,1,0
BRDA:42,2,0,0
BRDA:42,2,1,0
BRDA:44,3,0,0
BRDA:44,3,1,0
BRDA:48,4,0,0
BRDA:48,4,1,0
BRDA:55,5,0,0
BRDA:55,5,1,0
BRDA:58,6,0,0
BRDA:58,6,1,0
BRDA:62,7,0,0
BRDA:62,7,1,0
BRDA:71,8,0,0
BRDA:71,8,1,0
BRDA:85,9,0,0
BRDA:85,9,1,0
BRF:20
BRH:0
end_of_record
TN:
SF:src/services/taskService.ts
FN:6,(anonymous_8)
FN:14,(anonymous_10)
FN:31,(anonymous_11)
FNF:3
FNH:0
FNDA:0,(anonymous_8)
FNDA:0,(anonymous_10)
FNDA:0,(anonymous_11)
DA:1,0
DA:2,0
DA:3,0
DA:5,0
DA:7,0
DA:14,0
DA:32,0
DA:35,0
DA:36,0
DA:39,0
DA:53,0
DA:57,0
LF:12
LH:0
BRDA:23,0,0,0
BRDA:23,0,1,0
BRDA:35,1,0,0
BRDA:35,1,1,0
BRDA:43,2,0,0
BRDA:43,2,1,0
BRDA:44,3,0,0
BRDA:44,3,1,0
BRDA:45,4,0,0
BRDA:45,4,1,0
BRDA:46,5,0,0
BRDA:46,5,1,0
BRDA:47,6,0,0
BRDA:47,6,1,0
BRF:14
BRH:0
end_of_record
TN:
SF:src/services/workflowEngine.ts
FN:6,(anonymous_8)
FN:39,(anonymous_9)
FN:39,(anonymous_10)
FN:56,(anonymous_11)
FN:56,(anonymous_12)
FN:115,(anonymous_13)
FN:122,(anonymous_14)
FN:134,(anonymous_15)
FNF:8
FNH:5
FNDA:0,(anonymous_8)
FNDA:3,(anonymous_9)
FNDA:3,(anonymous_10)
FNDA:5,(anonymous_11)
FNDA:5,(anonymous_12)
FNDA:2,(anonymous_13)
FNDA:0,(anonymous_14)
FNDA:0,(anonymous_15)
DA:1,2
DA:2,2
DA:3,2
DA:6,2
DA:7,0
DA:9,0
DA:10,0
DA:18,0
DA:19,0
DA:26,0
DA:27,0
DA:34,0
DA:37,2
DA:39,3
DA:40,3
DA:42,2
DA:43,2
DA:50,2
DA:52,0
DA:56,5
DA:57,5
DA:58,5
DA:59,5
DA:60,5
DA:62,5
DA:63,5
DA:64,5
DA:65,1
DA:66,1
DA:68,0
DA:74,5
DA:75,5
DA:79,5
DA:80,5
DA:81,5
DA:82,3
DA:84,0
DA:87,5
DA:88,0
DA:89,0
DA:92,5
DA:94,5
DA:100,5
DA:101,0
DA:104,5
DA:105,2
DA:109,2
DA:110,1
DA:111,1
DA:113,1
DA:114,1
DA:115,2
DA:122,0
DA:125,1
DA:126,1
DA:134,0
DA:136,3
DA:137,3
DA:138,3
DA:153,1
DA:154,1
DA:156,5
DA:159,5
LF:63
LH:47
BRDA:9,0,0,0
BRDA:9,0,1,0
BRDA:9,1,0,0
BRDA:9,1,1,0
BRDA:18,2,0,0
BRDA:18,2,1,0
BRDA:18,3,0,0
BRDA:18,3,1,0
BRDA:21,4,0,0
BRDA:21,4,1,0
BRDA:26,5,0,0
BRDA:26,5,1,0
BRDA:64,6,0,1
BRDA:64,6,1,4
BRDA:75,7,0,5
BRDA:75,7,1,5
BRDA:75,7,2,3
BRDA:79,8,0,5
BRDA:79,8,1,0
BRDA:79,9,0,5
BRDA:79,9,1,5
BRDA:80,10,0,0
BRDA:80,10,1,5
BRDA:81,11,0,2
BRDA:81,11,1,3
BRDA:81,12,0,2
BRDA:81,12,1,0
BRDA:81,12,2,0
BRDA:82,13,0,3
BRDA:82,13,1,0
BRDA:87,14,0,0
BRDA:87,14,1,5
BRDA:87,15,0,5
BRDA:87,15,1,5
BRDA:100,16,0,0
BRDA:100,16,1,5
BRDA:104,17,0,2
BRDA:104,17,1,3
BRDA:105,18,0,2
BRDA:105,18,1,2
BRDA:105,18,2,2
BRDA:109,19,0,1
BRDA:109,19,1,1
BRDA:113,20,0,1
BRDA:113,20,1,0
BRDA:136,21,0,3
BRDA:136,21,1,0
BRF:47
BRH:26
end_of_record
TN:
SF:src/utils/asyncHandler.ts
FN:3,(anonymous_0)
FN:3,(anonymous_1)
FNF:2
FNH:2
FNDA:8,(anonymous_0)
FNDA:4,(anonymous_1)
DA:3,8
DA:4,4
LF:2
LH:2
BRF:0
BRH:0
end_of_record
TN:
SF:src/utils/logger.ts
FN:20,(anonymous_1)
FNF:1
FNH:1
FNDA:10,(anonymous_1)
DA:1,3
DA:3,3
DA:5,3
DA:21,10
DA:22,10
DA:42,3
LF:6
LH:6
BRDA:6,0,0,3
BRDA:6,0,1,3
BRDA:16,1,0,0
BRDA:16,1,1,3
BRDA:21,2,0,0
BRDA:21,2,1,10
BRDA:22,3,0,10
BRDA:22,3,1,9
BRF:8
BRH:6
end_of_record
